Analysis & Synthesis report for DisplayText
Mon Oct  2 17:29:26 2023
Quartus Prime Version 22.1std.2 Build 922 07/20/2023 SC Lite Edition


---------------------
; Table of Contents ;
---------------------
  1. Legal Notice
  2. Analysis & Synthesis Summary
  3. Analysis & Synthesis Settings
  4. Parallel Compilation
  5. Analysis & Synthesis Messages



----------------
; Legal Notice ;
----------------
Copyright (C) 2023  Intel Corporation. All rights reserved.
Your use of Intel Corporation's design tools, logic functions 
and other software and tools, and any partner logic 
functions, and any output files from any of the foregoing 
(including device programming or simulation files), and any 
associated documentation or information are expressly subject 
to the terms and conditions of the Intel Program License 
Subscription Agreement, the Intel Quartus Prime License Agreement,
the Intel FPGA IP License Agreement, or other applicable license
agreement, including, without limitation, that your use is for
the sole purpose of programming logic devices manufactured by
Intel and sold by Intel or its authorized distributors.  Please
refer to the applicable agreement for further details, at
https://fpgasoftware.intel.com/eula.



+-------------------------------------------------------------------------------------+
; Analysis & Synthesis Summary                                                        ;
+------------------------------------+------------------------------------------------+
; Analysis & Synthesis Status        ; Failed - Mon Oct  2 17:29:26 2023              ;
; Quartus Prime Version              ; 22.1std.2 Build 922 07/20/2023 SC Lite Edition ;
; Revision Name                      ; DisplayText                                    ;
; Top-level Entity Name              ; DisplayText                                    ;
; Family                             ; Cyclone IV E                                   ;
; Total logic elements               ; N/A until Partition Merge                      ;
;     Total combinational functions  ; N/A until Partition Merge                      ;
;     Dedicated logic registers      ; N/A until Partition Merge                      ;
; Total registers                    ; N/A until Partition Merge                      ;
; Total pins                         ; N/A until Partition Merge                      ;
; Total virtual pins                 ; N/A until Partition Merge                      ;
; Total memory bits                  ; N/A until Partition Merge                      ;
; Embedded Multiplier 9-bit elements ; N/A until Partition Merge                      ;
; Total PLLs                         ; N/A until Partition Merge                      ;
+------------------------------------+------------------------------------------------+


+------------------------------------------------------------------------------------------------------------+
; Analysis & Synthesis Settings                                                                              ;
+------------------------------------------------------------------+--------------------+--------------------+
; Option                                                           ; Setting            ; Default Value      ;
+------------------------------------------------------------------+--------------------+--------------------+
; Device                                                           ; EP4CE6E22C8        ;                    ;
; Top-level entity name                                            ; DisplayText        ; DisplayText        ;
; Family name                                                      ; Cyclone IV E       ; Cyclone V          ;
; Use smart compilation                                            ; Off                ; Off                ;
; Enable parallel Assembler and Timing Analyzer during compilation ; On                 ; On                 ;
; Enable compact report table                                      ; Off                ; Off                ;
; Restructure Multiplexers                                         ; Auto               ; Auto               ;
; Create Debugging Nodes for IP Cores                              ; Off                ; Off                ;
; Preserve fewer node names                                        ; On                 ; On                 ;
; Intel FPGA IP Evaluation Mode                                    ; Enable             ; Enable             ;
; Verilog Version                                                  ; Verilog_2001       ; Verilog_2001       ;
; VHDL Version                                                     ; VHDL_1993          ; VHDL_1993          ;
; State Machine Processing                                         ; Auto               ; Auto               ;
; Safe State Machine                                               ; Off                ; Off                ;
; Extract Verilog State Machines                                   ; On                 ; On                 ;
; Extract VHDL State Machines                                      ; On                 ; On                 ;
; Ignore Verilog initial constructs                                ; Off                ; Off                ;
; Iteration limit for constant Verilog loops                       ; 5000               ; 5000               ;
; Iteration limit for non-constant Verilog loops                   ; 250                ; 250                ;
; Add Pass-Through Logic to Inferred RAMs                          ; On                 ; On                 ;
; Infer RAMs from Raw Logic                                        ; On                 ; On                 ;
; Parallel Synthesis                                               ; On                 ; On                 ;
; DSP Block Balancing                                              ; Auto               ; Auto               ;
; NOT Gate Push-Back                                               ; On                 ; On                 ;
; Power-Up Don't Care                                              ; On                 ; On                 ;
; Remove Redundant Logic Cells                                     ; Off                ; Off                ;
; Remove Duplicate Registers                                       ; On                 ; On                 ;
; Ignore CARRY Buffers                                             ; Off                ; Off                ;
; Ignore CASCADE Buffers                                           ; Off                ; Off                ;
; Ignore GLOBAL Buffers                                            ; Off                ; Off                ;
; Ignore ROW GLOBAL Buffers                                        ; Off                ; Off                ;
; Ignore LCELL Buffers                                             ; Off                ; Off                ;
; Ignore SOFT Buffers                                              ; On                 ; On                 ;
; Limit AHDL Integers to 32 Bits                                   ; Off                ; Off                ;
; Optimization Technique                                           ; Balanced           ; Balanced           ;
; Carry Chain Length                                               ; 70                 ; 70                 ;
; Auto Carry Chains                                                ; On                 ; On                 ;
; Auto Open-Drain Pins                                             ; On                 ; On                 ;
; Perform WYSIWYG Primitive Resynthesis                            ; Off                ; Off                ;
; Auto ROM Replacement                                             ; On                 ; On                 ;
; Auto RAM Replacement                                             ; On                 ; On                 ;
; Auto DSP Block Replacement                                       ; On                 ; On                 ;
; Auto Shift Register Replacement                                  ; Auto               ; Auto               ;
; Allow Shift Register Merging across Hierarchies                  ; Auto               ; Auto               ;
; Auto Clock Enable Replacement                                    ; On                 ; On                 ;
; Strict RAM Replacement                                           ; Off                ; Off                ;
; Allow Synchronous Control Signals                                ; On                 ; On                 ;
; Force Use of Synchronous Clear Signals                           ; Off                ; Off                ;
; Auto RAM Block Balancing                                         ; On                 ; On                 ;
; Auto RAM to Logic Cell Conversion                                ; Off                ; Off                ;
; Auto Resource Sharing                                            ; Off                ; Off                ;
; Allow Any RAM Size For Recognition                               ; Off                ; Off                ;
; Allow Any ROM Size For Recognition                               ; Off                ; Off                ;
; Allow Any Shift Register Size For Recognition                    ; Off                ; Off                ;
; Use LogicLock Constraints during Resource Balancing              ; On                 ; On                 ;
; Ignore translate_off and synthesis_off directives                ; Off                ; Off                ;
; Timing-Driven Synthesis                                          ; On                 ; On                 ;
; Report Parameter Settings                                        ; On                 ; On                 ;
; Report Source Assignments                                        ; On                 ; On                 ;
; Report Connectivity Checks                                       ; On                 ; On                 ;
; Ignore Maximum Fan-Out Assignments                               ; Off                ; Off                ;
; Synchronization Register Chain Length                            ; 2                  ; 2                  ;
; Power Optimization During Synthesis                              ; Normal compilation ; Normal compilation ;
; HDL message level                                                ; Level2             ; Level2             ;
; Suppress Register Optimization Related Messages                  ; Off                ; Off                ;
; Number of Removed Registers Reported in Synthesis Report         ; 5000               ; 5000               ;
; Number of Swept Nodes Reported in Synthesis Report               ; 5000               ; 5000               ;
; Number of Inverted Registers Reported in Synthesis Report        ; 100                ; 100                ;
; Clock MUX Protection                                             ; On                 ; On                 ;
; Auto Gated Clock Conversion                                      ; Off                ; Off                ;
; Block Design Naming                                              ; Auto               ; Auto               ;
; SDC constraint protection                                        ; Off                ; Off                ;
; Synthesis Effort                                                 ; Auto               ; Auto               ;
; Shift Register Replacement - Allow Asynchronous Clear Signal     ; On                 ; On                 ;
; Pre-Mapping Resynthesis Optimization                             ; Off                ; Off                ;
; Analysis & Synthesis Message Level                               ; Medium             ; Medium             ;
; Disable Register Merging Across Hierarchies                      ; Auto               ; Auto               ;
; Resource Aware Inference For Block RAM                           ; On                 ; On                 ;
+------------------------------------------------------------------+--------------------+--------------------+


+------------------------------------------+
; Parallel Compilation                     ;
+----------------------------+-------------+
; Processors                 ; Number      ;
+----------------------------+-------------+
; Number detected on machine ; 4           ;
; Maximum allowed            ; 2           ;
;                            ;             ;
; Average used               ; 1.00        ;
; Maximum used               ; 1           ;
;                            ;             ;
; Usage by Processor         ; % Time Used ;
;     Processor 1            ; 100.0%      ;
+----------------------------+-------------+


+-------------------------------+
; Analysis & Synthesis Messages ;
+-------------------------------+
Info: *******************************************************************
Info: Running Quartus Prime Analysis & Synthesis
    Info: Version 22.1std.2 Build 922 07/20/2023 SC Lite Edition
    Info: Processing started: Mon Oct  2 17:29:20 2023
Info: Command: quartus_map --read_settings_files=on --write_settings_files=off DisplayText -c DisplayText
Warning (18236): Number of processors has not been specified which may cause overloading on shared machines.  Set the global assignment NUM_PARALLEL_PROCESSORS in your QSF to an appropriate value for best performance.
Info (20030): Parallel compilation is enabled and will use 2 of the 2 processors detected
Info (12021): Found 2 design units, including 1 entities, in source file ROM.vhd
    Info (12022): Found design unit 1: ROM-ArchROM File: /mnt/External/Codigos/VHDL/Projects/DisplayText/ROM.vhd Line: 8
    Info (12023): Found entity 1: ROM File: /mnt/External/Codigos/VHDL/Projects/DisplayText/ROM.vhd Line: 3
Info (12021): Found 2 design units, including 1 entities, in source file DisplayText.vhd
    Info (12022): Found design unit 1: DisplayText-ArchDisplay File: /mnt/External/Codigos/VHDL/Projects/DisplayText/DisplayText.vhd Line: 10
    Info (12023): Found entity 1: DisplayText File: /mnt/External/Codigos/VHDL/Projects/DisplayText/DisplayText.vhd Line: 3
Info (12021): Found 2 design units, including 1 entities, in source file FrecuencyDivisor.vhd
    Info (12022): Found design unit 1: FrecuencyDivisor-ArchFrecuency File: /mnt/External/Codigos/VHDL/Projects/DisplayText/FrecuencyDivisor.vhd Line: 9
    Info (12023): Found entity 1: FrecuencyDivisor File: /mnt/External/Codigos/VHDL/Projects/DisplayText/FrecuencyDivisor.vhd Line: 3
Info (12127): Elaborating entity "DisplayText" for the top level hierarchy
Warning (10541): VHDL Signal Declaration warning at DisplayText.vhd(7): used implicit default value for signal "displaySegments" because signal was never assigned a value or an explicit default value. Use of implicit default value may introduce unintended design optimizations. File: /mnt/External/Codigos/VHDL/Projects/DisplayText/DisplayText.vhd Line: 7
Warning (10541): VHDL Signal Declaration warning at DisplayText.vhd(8): used implicit default value for signal "displayNumbers" because signal was never assigned a value or an explicit default value. Use of implicit default value may introduce unintended design optimizations. File: /mnt/External/Codigos/VHDL/Projects/DisplayText/DisplayText.vhd Line: 8
Warning (10036): Verilog HDL or VHDL warning at DisplayText.vhd(22): object "newClock" assigned a value but never read File: /mnt/External/Codigos/VHDL/Projects/DisplayText/DisplayText.vhd Line: 22
Warning (10540): VHDL Signal Declaration warning at DisplayText.vhd(23): used explicit default value for signal "direction" because signal was never assigned a value File: /mnt/External/Codigos/VHDL/Projects/DisplayText/DisplayText.vhd Line: 23
Warning (10036): Verilog HDL or VHDL warning at DisplayText.vhd(24): object "outPut" assigned a value but never read File: /mnt/External/Codigos/VHDL/Projects/DisplayText/DisplayText.vhd Line: 24
Info (12128): Elaborating entity "FrecuencyDivisor" for hierarchy "FrecuencyDivisor:Frecuency" File: /mnt/External/Codigos/VHDL/Projects/DisplayText/DisplayText.vhd Line: 26
Warning (10631): VHDL Process Statement warning at FrecuencyDivisor.vhd(14): inferring latch(es) for signal or variable "newClockCounter", which holds its previous value in one or more paths through the process File: /mnt/External/Codigos/VHDL/Projects/DisplayText/FrecuencyDivisor.vhd Line: 14
Info (10041): Inferred latch for "newClockCounter[0]" at FrecuencyDivisor.vhd(14) File: /mnt/External/Codigos/VHDL/Projects/DisplayText/FrecuencyDivisor.vhd Line: 14
Info (10041): Inferred latch for "newClockCounter[1]" at FrecuencyDivisor.vhd(14) File: /mnt/External/Codigos/VHDL/Projects/DisplayText/FrecuencyDivisor.vhd Line: 14
Info (10041): Inferred latch for "newClockCounter[2]" at FrecuencyDivisor.vhd(14) File: /mnt/External/Codigos/VHDL/Projects/DisplayText/FrecuencyDivisor.vhd Line: 14
Info (10041): Inferred latch for "newClockCounter[3]" at FrecuencyDivisor.vhd(14) File: /mnt/External/Codigos/VHDL/Projects/DisplayText/FrecuencyDivisor.vhd Line: 14
Info (10041): Inferred latch for "newClockCounter[4]" at FrecuencyDivisor.vhd(14) File: /mnt/External/Codigos/VHDL/Projects/DisplayText/FrecuencyDivisor.vhd Line: 14
Info (10041): Inferred latch for "newClockCounter[5]" at FrecuencyDivisor.vhd(14) File: /mnt/External/Codigos/VHDL/Projects/DisplayText/FrecuencyDivisor.vhd Line: 14
Info (10041): Inferred latch for "newClockCounter[6]" at FrecuencyDivisor.vhd(14) File: /mnt/External/Codigos/VHDL/Projects/DisplayText/FrecuencyDivisor.vhd Line: 14
Info (10041): Inferred latch for "newClockCounter[7]" at FrecuencyDivisor.vhd(14) File: /mnt/External/Codigos/VHDL/Projects/DisplayText/FrecuencyDivisor.vhd Line: 14
Info (10041): Inferred latch for "newClockCounter[8]" at FrecuencyDivisor.vhd(14) File: /mnt/External/Codigos/VHDL/Projects/DisplayText/FrecuencyDivisor.vhd Line: 14
Info (10041): Inferred latch for "newClockCounter[9]" at FrecuencyDivisor.vhd(14) File: /mnt/External/Codigos/VHDL/Projects/DisplayText/FrecuencyDivisor.vhd Line: 14
Info (10041): Inferred latch for "newClockCounter[10]" at FrecuencyDivisor.vhd(14) File: /mnt/External/Codigos/VHDL/Projects/DisplayText/FrecuencyDivisor.vhd Line: 14
Info (10041): Inferred latch for "newClockCounter[11]" at FrecuencyDivisor.vhd(14) File: /mnt/External/Codigos/VHDL/Projects/DisplayText/FrecuencyDivisor.vhd Line: 14
Info (10041): Inferred latch for "newClockCounter[12]" at FrecuencyDivisor.vhd(14) File: /mnt/External/Codigos/VHDL/Projects/DisplayText/FrecuencyDivisor.vhd Line: 14
Info (10041): Inferred latch for "newClockCounter[13]" at FrecuencyDivisor.vhd(14) File: /mnt/External/Codigos/VHDL/Projects/DisplayText/FrecuencyDivisor.vhd Line: 14
Info (10041): Inferred latch for "newClockCounter[14]" at FrecuencyDivisor.vhd(14) File: /mnt/External/Codigos/VHDL/Projects/DisplayText/FrecuencyDivisor.vhd Line: 14
Info (10041): Inferred latch for "newClockCounter[15]" at FrecuencyDivisor.vhd(14) File: /mnt/External/Codigos/VHDL/Projects/DisplayText/FrecuencyDivisor.vhd Line: 14
Info (10041): Inferred latch for "newClockCounter[16]" at FrecuencyDivisor.vhd(14) File: /mnt/External/Codigos/VHDL/Projects/DisplayText/FrecuencyDivisor.vhd Line: 14
Info (10041): Inferred latch for "newClockCounter[17]" at FrecuencyDivisor.vhd(14) File: /mnt/External/Codigos/VHDL/Projects/DisplayText/FrecuencyDivisor.vhd Line: 14
Info (10041): Inferred latch for "newClockCounter[18]" at FrecuencyDivisor.vhd(14) File: /mnt/External/Codigos/VHDL/Projects/DisplayText/FrecuencyDivisor.vhd Line: 14
Info (10041): Inferred latch for "newClockCounter[19]" at FrecuencyDivisor.vhd(14) File: /mnt/External/Codigos/VHDL/Projects/DisplayText/FrecuencyDivisor.vhd Line: 14
Info (10041): Inferred latch for "newClockCounter[20]" at FrecuencyDivisor.vhd(14) File: /mnt/External/Codigos/VHDL/Projects/DisplayText/FrecuencyDivisor.vhd Line: 14
Info (10041): Inferred latch for "newClockCounter[21]" at FrecuencyDivisor.vhd(14) File: /mnt/External/Codigos/VHDL/Projects/DisplayText/FrecuencyDivisor.vhd Line: 14
Info (10041): Inferred latch for "newClockCounter[22]" at FrecuencyDivisor.vhd(14) File: /mnt/External/Codigos/VHDL/Projects/DisplayText/FrecuencyDivisor.vhd Line: 14
Info (10041): Inferred latch for "newClockCounter[23]" at FrecuencyDivisor.vhd(14) File: /mnt/External/Codigos/VHDL/Projects/DisplayText/FrecuencyDivisor.vhd Line: 14
Info (10041): Inferred latch for "newClockCounter[24]" at FrecuencyDivisor.vhd(14) File: /mnt/External/Codigos/VHDL/Projects/DisplayText/FrecuencyDivisor.vhd Line: 14
Info (10041): Inferred latch for "newClockCounter[25]" at FrecuencyDivisor.vhd(14) File: /mnt/External/Codigos/VHDL/Projects/DisplayText/FrecuencyDivisor.vhd Line: 14
Info (10041): Inferred latch for "newClockCounter[26]" at FrecuencyDivisor.vhd(14) File: /mnt/External/Codigos/VHDL/Projects/DisplayText/FrecuencyDivisor.vhd Line: 14
Info (10041): Inferred latch for "newClockCounter[27]" at FrecuencyDivisor.vhd(14) File: /mnt/External/Codigos/VHDL/Projects/DisplayText/FrecuencyDivisor.vhd Line: 14
Info (10041): Inferred latch for "newClockCounter[28]" at FrecuencyDivisor.vhd(14) File: /mnt/External/Codigos/VHDL/Projects/DisplayText/FrecuencyDivisor.vhd Line: 14
Info (10041): Inferred latch for "newClockCounter[29]" at FrecuencyDivisor.vhd(14) File: /mnt/External/Codigos/VHDL/Projects/DisplayText/FrecuencyDivisor.vhd Line: 14
Info (10041): Inferred latch for "newClockCounter[30]" at FrecuencyDivisor.vhd(14) File: /mnt/External/Codigos/VHDL/Projects/DisplayText/FrecuencyDivisor.vhd Line: 14
Info (10041): Inferred latch for "newClockCounter[31]" at FrecuencyDivisor.vhd(14) File: /mnt/External/Codigos/VHDL/Projects/DisplayText/FrecuencyDivisor.vhd Line: 14
Info (12128): Elaborating entity "ROM" for hierarchy "ROM:ROMMap" File: /mnt/External/Codigos/VHDL/Projects/DisplayText/DisplayText.vhd Line: 33
Error (10442): VHDL Process Statement error at ROM.vhd(59): Process Statement must contain either a sensitivity list or a Wait Statement File: /mnt/External/Codigos/VHDL/Projects/DisplayText/ROM.vhd Line: 59
Error (12152): Can't elaborate user hierarchy "ROM:ROMMap" File: /mnt/External/Codigos/VHDL/Projects/DisplayText/DisplayText.vhd Line: 33
Error: Quartus Prime Analysis & Synthesis was unsuccessful. 2 errors, 7 warnings
    Error: Peak virtual memory: 411 megabytes
    Error: Processing ended: Mon Oct  2 17:29:26 2023
    Error: Elapsed time: 00:00:06
    Error: Total CPU time (on all processors): 00:00:14


