Analysis & Synthesis report for 4bUSR
Thu Dec  7 16:06:46 2023
Quartus Prime Version 22.1std.2 Build 922 07/20/2023 SC Lite Edition


---------------------
; Table of Contents ;
---------------------
  1. Legal Notice
  2. Analysis & Synthesis Summary
  3. Analysis & Synthesis Settings
  4. Parallel Compilation
  5. Analysis & Synthesis Source Files Read
  6. Analysis & Synthesis Resource Usage Summary
  7. Analysis & Synthesis Resource Utilization by Entity
  8. User-Specified and Inferred Latches
  9. Registers Removed During Synthesis
 10. Removed Registers Triggering Further Register Optimizations
 11. General Register Statistics
 12. Inverted Register Statistics
 13. Multiplexer Restructuring Statistics (Restructuring Performed)
 14. Port Connectivity Checks: "Display:PrintMessage"
 15. Post-Synthesis Netlist Statistics for Top Partition
 16. Elapsed Time Per Partition
 17. Analysis & Synthesis Messages



----------------
; Legal Notice ;
----------------
Copyright (C) 2023  Intel Corporation. All rights reserved.
Your use of Intel Corporation's design tools, logic functions 
and other software and tools, and any partner logic 
functions, and any output files from any of the foregoing 
(including device programming or simulation files), and any 
associated documentation or information are expressly subject 
to the terms and conditions of the Intel Program License 
Subscription Agreement, the Intel Quartus Prime License Agreement,
the Intel FPGA IP License Agreement, or other applicable license
agreement, including, without limitation, that your use is for
the sole purpose of programming logic devices manufactured by
Intel and sold by Intel or its authorized distributors.  Please
refer to the applicable agreement for further details, at
https://fpgasoftware.intel.com/eula.



+-------------------------------------------------------------------------------------+
; Analysis & Synthesis Summary                                                        ;
+------------------------------------+------------------------------------------------+
; Analysis & Synthesis Status        ; Successful - Thu Dec  7 16:06:46 2023          ;
; Quartus Prime Version              ; 22.1std.2 Build 922 07/20/2023 SC Lite Edition ;
; Revision Name                      ; 4bUSR                                          ;
; Top-level Entity Name              ; bUSR                                           ;
; Family                             ; Cyclone IV E                                   ;
; Total logic elements               ; 332                                            ;
;     Total combinational functions  ; 329                                            ;
;     Dedicated logic registers      ; 163                                            ;
; Total registers                    ; 163                                            ;
; Total pins                         ; 23                                             ;
; Total virtual pins                 ; 0                                              ;
; Total memory bits                  ; 0                                              ;
; Embedded Multiplier 9-bit elements ; 0                                              ;
; Total PLLs                         ; 0                                              ;
+------------------------------------+------------------------------------------------+


+------------------------------------------------------------------------------------------------------------+
; Analysis & Synthesis Settings                                                                              ;
+------------------------------------------------------------------+--------------------+--------------------+
; Option                                                           ; Setting            ; Default Value      ;
+------------------------------------------------------------------+--------------------+--------------------+
; Device                                                           ; EP4CE6E22C8        ;                    ;
; Top-level entity name                                            ; bUSR               ; 4bUSR              ;
; Family name                                                      ; Cyclone IV E       ; Cyclone V          ;
; Use smart compilation                                            ; Off                ; Off                ;
; Enable parallel Assembler and Timing Analyzer during compilation ; On                 ; On                 ;
; Enable compact report table                                      ; Off                ; Off                ;
; Restructure Multiplexers                                         ; Auto               ; Auto               ;
; Create Debugging Nodes for IP Cores                              ; Off                ; Off                ;
; Preserve fewer node names                                        ; On                 ; On                 ;
; Intel FPGA IP Evaluation Mode                                    ; Enable             ; Enable             ;
; Verilog Version                                                  ; Verilog_2001       ; Verilog_2001       ;
; VHDL Version                                                     ; VHDL_1993          ; VHDL_1993          ;
; State Machine Processing                                         ; Auto               ; Auto               ;
; Safe State Machine                                               ; Off                ; Off                ;
; Extract Verilog State Machines                                   ; On                 ; On                 ;
; Extract VHDL State Machines                                      ; On                 ; On                 ;
; Ignore Verilog initial constructs                                ; Off                ; Off                ;
; Iteration limit for constant Verilog loops                       ; 5000               ; 5000               ;
; Iteration limit for non-constant Verilog loops                   ; 250                ; 250                ;
; Add Pass-Through Logic to Inferred RAMs                          ; On                 ; On                 ;
; Infer RAMs from Raw Logic                                        ; On                 ; On                 ;
; Parallel Synthesis                                               ; On                 ; On                 ;
; DSP Block Balancing                                              ; Auto               ; Auto               ;
; NOT Gate Push-Back                                               ; On                 ; On                 ;
; Power-Up Don't Care                                              ; On                 ; On                 ;
; Remove Redundant Logic Cells                                     ; Off                ; Off                ;
; Remove Duplicate Registers                                       ; On                 ; On                 ;
; Ignore CARRY Buffers                                             ; Off                ; Off                ;
; Ignore CASCADE Buffers                                           ; Off                ; Off                ;
; Ignore GLOBAL Buffers                                            ; Off                ; Off                ;
; Ignore ROW GLOBAL Buffers                                        ; Off                ; Off                ;
; Ignore LCELL Buffers                                             ; Off                ; Off                ;
; Ignore SOFT Buffers                                              ; On                 ; On                 ;
; Limit AHDL Integers to 32 Bits                                   ; Off                ; Off                ;
; Optimization Technique                                           ; Balanced           ; Balanced           ;
; Carry Chain Length                                               ; 70                 ; 70                 ;
; Auto Carry Chains                                                ; On                 ; On                 ;
; Auto Open-Drain Pins                                             ; On                 ; On                 ;
; Perform WYSIWYG Primitive Resynthesis                            ; Off                ; Off                ;
; Auto ROM Replacement                                             ; On                 ; On                 ;
; Auto RAM Replacement                                             ; On                 ; On                 ;
; Auto DSP Block Replacement                                       ; On                 ; On                 ;
; Auto Shift Register Replacement                                  ; Auto               ; Auto               ;
; Allow Shift Register Merging across Hierarchies                  ; Auto               ; Auto               ;
; Auto Clock Enable Replacement                                    ; On                 ; On                 ;
; Strict RAM Replacement                                           ; Off                ; Off                ;
; Allow Synchronous Control Signals                                ; On                 ; On                 ;
; Force Use of Synchronous Clear Signals                           ; Off                ; Off                ;
; Auto RAM Block Balancing                                         ; On                 ; On                 ;
; Auto RAM to Logic Cell Conversion                                ; Off                ; Off                ;
; Auto Resource Sharing                                            ; Off                ; Off                ;
; Allow Any RAM Size For Recognition                               ; Off                ; Off                ;
; Allow Any ROM Size For Recognition                               ; Off                ; Off                ;
; Allow Any Shift Register Size For Recognition                    ; Off                ; Off                ;
; Use LogicLock Constraints during Resource Balancing              ; On                 ; On                 ;
; Ignore translate_off and synthesis_off directives                ; Off                ; Off                ;
; Timing-Driven Synthesis                                          ; On                 ; On                 ;
; Report Parameter Settings                                        ; On                 ; On                 ;
; Report Source Assignments                                        ; On                 ; On                 ;
; Report Connectivity Checks                                       ; On                 ; On                 ;
; Ignore Maximum Fan-Out Assignments                               ; Off                ; Off                ;
; Synchronization Register Chain Length                            ; 2                  ; 2                  ;
; Power Optimization During Synthesis                              ; Normal compilation ; Normal compilation ;
; HDL message level                                                ; Level2             ; Level2             ;
; Suppress Register Optimization Related Messages                  ; Off                ; Off                ;
; Number of Removed Registers Reported in Synthesis Report         ; 5000               ; 5000               ;
; Number of Swept Nodes Reported in Synthesis Report               ; 5000               ; 5000               ;
; Number of Inverted Registers Reported in Synthesis Report        ; 100                ; 100                ;
; Clock MUX Protection                                             ; On                 ; On                 ;
; Auto Gated Clock Conversion                                      ; Off                ; Off                ;
; Block Design Naming                                              ; Auto               ; Auto               ;
; SDC constraint protection                                        ; Off                ; Off                ;
; Synthesis Effort                                                 ; Auto               ; Auto               ;
; Shift Register Replacement - Allow Asynchronous Clear Signal     ; On                 ; On                 ;
; Pre-Mapping Resynthesis Optimization                             ; Off                ; Off                ;
; Analysis & Synthesis Message Level                               ; Medium             ; Medium             ;
; Disable Register Merging Across Hierarchies                      ; Auto               ; Auto               ;
; Resource Aware Inference For Block RAM                           ; On                 ; On                 ;
+------------------------------------------------------------------+--------------------+--------------------+


+------------------------------------------+
; Parallel Compilation                     ;
+----------------------------+-------------+
; Processors                 ; Number      ;
+----------------------------+-------------+
; Number detected on machine ; 4           ;
; Maximum allowed            ; 2           ;
;                            ;             ;
; Average used               ; 1.00        ;
; Maximum used               ; 2           ;
;                            ;             ;
; Usage by Processor         ; % Time Used ;
;     Processor 1            ; 100.0%      ;
;     Processor 2            ;   0.0%      ;
+----------------------------+-------------+


+--------------------------------------------------------------------------------------------------------------------------------------------+
; Analysis & Synthesis Source Files Read                                                                                                     ;
+----------------------------------+-----------------+-----------------+-----------------------------------------------------------+---------+
; File Name with User-Entered Path ; Used in Netlist ; File Type       ; File Name with Absolute Path                              ; Library ;
+----------------------------------+-----------------+-----------------+-----------------------------------------------------------+---------+
; bUSR.vhd                         ; yes             ; User VHDL File  ; /mnt/External/Codigos/VHDL/Projects/Practica9/bUSR.vhd    ;         ;
; LSL.vhdl                         ; yes             ; User VHDL File  ; /mnt/External/Codigos/VHDL/Projects/Practica9/LSL.vhdl    ;         ;
; LRS.vhdl                         ; yes             ; User VHDL File  ; /mnt/External/Codigos/VHDL/Projects/Practica9/LRS.vhdl    ;         ;
; Display.vhd                      ; yes             ; User VHDL File  ; /mnt/External/Codigos/VHDL/Projects/Practica9/Display.vhd ;         ;
+----------------------------------+-----------------+-----------------+-----------------------------------------------------------+---------+


+-----------------------------------------------------------+
; Analysis & Synthesis Resource Usage Summary               ;
+---------------------------------------------+-------------+
; Resource                                    ; Usage       ;
+---------------------------------------------+-------------+
; Estimated Total logic elements              ; 332         ;
;                                             ;             ;
; Total combinational functions               ; 329         ;
; Logic element usage by number of LUT inputs ;             ;
;     -- 4 input functions                    ; 141         ;
;     -- 3 input functions                    ; 46          ;
;     -- <=2 input functions                  ; 142         ;
;                                             ;             ;
; Logic elements by mode                      ;             ;
;     -- normal mode                          ; 205         ;
;     -- arithmetic mode                      ; 124         ;
;                                             ;             ;
; Total registers                             ; 163         ;
;     -- Dedicated logic registers            ; 163         ;
;     -- I/O registers                        ; 0           ;
;                                             ;             ;
; I/O pins                                    ; 23          ;
;                                             ;             ;
; Embedded Multiplier 9-bit elements          ; 0           ;
;                                             ;             ;
; Maximum fan-out node                        ; reset~input ;
; Maximum fan-out                             ; 172         ;
; Total fan-out                               ; 1576        ;
; Average fan-out                             ; 2.93        ;
+---------------------------------------------+-------------+


+-----------------------------------------------------------------------------------------------------------------------------------------------------------------------------------------------------------------+
; Analysis & Synthesis Resource Utilization by Entity                                                                                                                                                             ;
+----------------------------+---------------------+---------------------------+-------------+--------------+---------+-----------+------+--------------+----------------------------+-------------+--------------+
; Compilation Hierarchy Node ; Combinational ALUTs ; Dedicated Logic Registers ; Memory Bits ; DSP Elements ; DSP 9x9 ; DSP 18x18 ; Pins ; Virtual Pins ; Full Hierarchy Name        ; Entity Name ; Library Name ;
+----------------------------+---------------------+---------------------------+-------------+--------------+---------+-----------+------+--------------+----------------------------+-------------+--------------+
; |bUSR                      ; 329 (13)            ; 163 (0)                   ; 0           ; 0            ; 0       ; 0         ; 23   ; 0            ; |bUSR                      ; bUSR        ; work         ;
;    |Display:PrintMessage|  ; 192 (192)           ; 82 (82)                   ; 0           ; 0            ; 0       ; 0         ; 0    ; 0            ; |bUSR|Display:PrintMessage ; Display     ; work         ;
;    |LRS:LogicShiftRight|   ; 106 (106)           ; 69 (69)                   ; 0           ; 0            ; 0       ; 0         ; 0    ; 0            ; |bUSR|LRS:LogicShiftRight  ; LRS         ; work         ;
;    |LSL:LogicShiftLeft|    ; 18 (18)             ; 12 (12)                   ; 0           ; 0            ; 0       ; 0         ; 0    ; 0            ; |bUSR|LSL:LogicShiftLeft   ; LSL         ; work         ;
+----------------------------+---------------------+---------------------------+-------------+--------------+---------+-----------+------+--------------+----------------------------+-------------+--------------+
Note: For table entries with two numbers listed, the numbers in parentheses indicate the number of resources of the given type used by the specific entity alone. The numbers listed outside of parentheses indicate the total resources of the given type used by the specific entity and all of its sub-entities in the hierarchy.


+---------------------------------------------------------------------------------------------------+
; User-Specified and Inferred Latches                                                               ;
+----------------------------------------------------+---------------------+------------------------+
; Latch Name                                         ; Latch Enable Signal ; Free of Timing Hazards ;
+----------------------------------------------------+---------------------+------------------------+
; reg[0]                                             ; Mux3                ; yes                    ;
; reg[1]                                             ; Mux3                ; yes                    ;
; reg[2]                                             ; Mux3                ; yes                    ;
; reg[3]                                             ; Mux3                ; yes                    ;
; Number of user-specified and inferred latches = 4  ;                     ;                        ;
+----------------------------------------------------+---------------------+------------------------+
Note: All latches listed above may not be present at the end of synthesis due to various synthesis optimizations.


+------------------------------------------------------------------------------------------------------------+
; Registers Removed During Synthesis                                                                         ;
+-----------------------------------------------------------+------------------------------------------------+
; Register name                                             ; Reason for Removal                             ;
+-----------------------------------------------------------+------------------------------------------------+
; LSL:LogicShiftLeft|counter2[3..31]                        ; Stuck at GND due to stuck port data_in         ;
; Display:PrintMessage|segmenter[0..31]                     ; Stuck at GND due to stuck port data_in         ;
; Display:PrintMessage|segmenter2[3..31]                    ; Stuck at GND due to stuck port data_in         ;
; Display:PrintMessage|segmenter2[0..2]                     ; Stuck at VCC due to stuck port data_in         ;
; Display:PrintMessage|segmenter3[4..31]                    ; Stuck at GND due to stuck port data_in         ;
; Display:PrintMessage|segmenter3[1..3]                     ; Stuck at VCC due to stuck port data_in         ;
; Display:PrintMessage|segmenter3[0]                        ; Stuck at GND due to stuck port data_in         ;
; Display:PrintMessage|segmenter4[5..31]                    ; Stuck at GND due to stuck port data_in         ;
; Display:PrintMessage|segmenter4[4]                        ; Stuck at VCC due to stuck port data_in         ;
; Display:PrintMessage|segmenter4[3]                        ; Stuck at GND due to stuck port data_in         ;
; Display:PrintMessage|segmenter4[2]                        ; Stuck at VCC due to stuck port data_in         ;
; Display:PrintMessage|segmenter4[1]                        ; Stuck at GND due to stuck port data_in         ;
; Display:PrintMessage|segmenter4[0]                        ; Stuck at VCC due to stuck port data_in         ;
; Display:PrintMessage|message2[0,5,8,11,14,19,21..27]      ; Stuck at GND due to stuck port data_in         ;
; Display:PrintMessage|message[21..23,27]                   ; Stuck at GND due to stuck port data_in         ;
; Display:PrintMessage|tempLetter[0]                        ; Merged with Display:PrintMessage|tempLetter[1] ;
; Display:PrintMessage|tempLetter[1]                        ; Merged with Display:PrintMessage|tempLetter[2] ;
; Display:PrintMessage|tempLetter[2]                        ; Merged with Display:PrintMessage|tempLetter[6] ;
; Display:PrintMessage|counter4[2..30]                      ; Merged with Display:PrintMessage|counter4[31]  ;
; Display:PrintMessage|message[5,8,11,14,19,24..26]         ; Merged with Display:PrintMessage|message[0]    ;
; Display:PrintMessage|message[1,2,7,20]                    ; Merged with Display:PrintMessage|message[13]   ;
; Display:PrintMessage|message[3,4,6,9,12,15..18]           ; Merged with Display:PrintMessage|message[10]   ;
; Display:PrintMessage|tempLetter[4,5]                      ; Merged with Display:PrintMessage|tempLetter[3] ;
; LSL:LogicShiftLeft|counter[31]                            ; Merged with LRS:LogicShiftRight|counter2[31]   ;
; LSL:LogicShiftLeft|counter[30]                            ; Merged with LRS:LogicShiftRight|counter2[30]   ;
; LSL:LogicShiftLeft|counter[29]                            ; Merged with LRS:LogicShiftRight|counter2[29]   ;
; LSL:LogicShiftLeft|counter[28]                            ; Merged with LRS:LogicShiftRight|counter2[28]   ;
; LSL:LogicShiftLeft|counter[27]                            ; Merged with LRS:LogicShiftRight|counter2[27]   ;
; LSL:LogicShiftLeft|counter[26]                            ; Merged with LRS:LogicShiftRight|counter2[26]   ;
; LSL:LogicShiftLeft|counter[25]                            ; Merged with LRS:LogicShiftRight|counter2[25]   ;
; LSL:LogicShiftLeft|counter[24]                            ; Merged with LRS:LogicShiftRight|counter2[24]   ;
; LSL:LogicShiftLeft|counter[23]                            ; Merged with LRS:LogicShiftRight|counter2[23]   ;
; LSL:LogicShiftLeft|counter[18]                            ; Merged with LRS:LogicShiftRight|counter2[18]   ;
; LSL:LogicShiftLeft|counter[16]                            ; Merged with LRS:LogicShiftRight|counter2[16]   ;
; LSL:LogicShiftLeft|counter[15]                            ; Merged with LRS:LogicShiftRight|counter2[15]   ;
; LSL:LogicShiftLeft|counter[14]                            ; Merged with LRS:LogicShiftRight|counter2[14]   ;
; LSL:LogicShiftLeft|counter[13]                            ; Merged with LRS:LogicShiftRight|counter2[13]   ;
; LSL:LogicShiftLeft|counter[11]                            ; Merged with LRS:LogicShiftRight|counter2[11]   ;
; LSL:LogicShiftLeft|counter[10]                            ; Merged with LRS:LogicShiftRight|counter2[10]   ;
; LSL:LogicShiftLeft|counter[8]                             ; Merged with LRS:LogicShiftRight|counter2[8]    ;
; LSL:LogicShiftLeft|counter[7]                             ; Merged with LRS:LogicShiftRight|counter2[7]    ;
; LSL:LogicShiftLeft|counter[6]                             ; Merged with LRS:LogicShiftRight|counter2[6]    ;
; LSL:LogicShiftLeft|counter[5]                             ; Merged with LRS:LogicShiftRight|counter2[5]    ;
; LSL:LogicShiftLeft|counter[4]                             ; Merged with LRS:LogicShiftRight|counter2[4]    ;
; LSL:LogicShiftLeft|counter[3]                             ; Merged with LRS:LogicShiftRight|counter2[3]    ;
; LSL:LogicShiftLeft|counter[2]                             ; Merged with LRS:LogicShiftRight|counter2[2]    ;
; LSL:LogicShiftLeft|counter[1]                             ; Merged with LRS:LogicShiftRight|counter2[1]    ;
; LSL:LogicShiftLeft|counter[0]                             ; Merged with LRS:LogicShiftRight|counter2[0]    ;
; LSL:LogicShiftLeft|counter[22]                            ; Merged with LRS:LogicShiftRight|counter2[22]   ;
; LSL:LogicShiftLeft|counter[21]                            ; Merged with LRS:LogicShiftRight|counter2[21]   ;
; LSL:LogicShiftLeft|counter[20]                            ; Merged with LRS:LogicShiftRight|counter2[20]   ;
; LSL:LogicShiftLeft|counter[19]                            ; Merged with LRS:LogicShiftRight|counter2[19]   ;
; LSL:LogicShiftLeft|counter[17]                            ; Merged with LRS:LogicShiftRight|counter2[17]   ;
; LSL:LogicShiftLeft|counter[12]                            ; Merged with LRS:LogicShiftRight|counter2[12]   ;
; LSL:LogicShiftLeft|counter[9]                             ; Merged with LRS:LogicShiftRight|counter2[9]    ;
; Display:PrintMessage|message2[1..4,6,7,9,12,13,15..18,20] ; Merged with Display:PrintMessage|message2[10]  ;
; Display:PrintMessage|counter4[31]                         ; Stuck at GND due to stuck port data_in         ;
; Display:PrintMessage|message[10]                          ; Stuck at VCC due to stuck port data_in         ;
; Display:PrintMessage|message[13]                          ; Merged with Display:PrintMessage|message[0]    ;
; Total Number of Removed Registers = 278                   ;                                                ;
+-----------------------------------------------------------+------------------------------------------------+


+--------------------------------------------------------------------------------------------------------+
; Removed Registers Triggering Further Register Optimizations                                            ;
+-----------------------------------+---------------------------+----------------------------------------+
; Register name                     ; Reason for Removal        ; Registers Removed due to This Register ;
+-----------------------------------+---------------------------+----------------------------------------+
; Display:PrintMessage|message2[27] ; Stuck at GND              ; Display:PrintMessage|message[27]       ;
;                                   ; due to stuck port data_in ;                                        ;
; Display:PrintMessage|message2[23] ; Stuck at GND              ; Display:PrintMessage|message[23]       ;
;                                   ; due to stuck port data_in ;                                        ;
; Display:PrintMessage|message2[22] ; Stuck at GND              ; Display:PrintMessage|message[22]       ;
;                                   ; due to stuck port data_in ;                                        ;
; Display:PrintMessage|message2[21] ; Stuck at GND              ; Display:PrintMessage|message[21]       ;
;                                   ; due to stuck port data_in ;                                        ;
+-----------------------------------+---------------------------+----------------------------------------+


+------------------------------------------------------+
; General Register Statistics                          ;
+----------------------------------------------+-------+
; Statistic                                    ; Value ;
+----------------------------------------------+-------+
; Total registers                              ; 163   ;
; Number of registers using Synchronous Clear  ; 64    ;
; Number of registers using Synchronous Load   ; 1     ;
; Number of registers using Asynchronous Clear ; 156   ;
; Number of registers using Asynchronous Load  ; 0     ;
; Number of registers using Clock Enable       ; 9     ;
; Number of registers using Preset             ; 0     ;
+----------------------------------------------+-------+


+---------------------------------------------------+
; Inverted Register Statistics                      ;
+-----------------------------------------+---------+
; Inverted Register                       ; Fan out ;
+-----------------------------------------+---------+
; Display:PrintMessage|digits[0]          ; 1       ;
; Display:PrintMessage|digits[1]          ; 1       ;
; Display:PrintMessage|digits[2]          ; 1       ;
; Display:PrintMessage|digits[3]          ; 1       ;
; Display:PrintMessage|segments[0]        ; 2       ;
; Display:PrintMessage|segments[1]        ; 2       ;
; Display:PrintMessage|segments[2]        ; 2       ;
; Display:PrintMessage|segments[3]        ; 2       ;
; Display:PrintMessage|segments[4]        ; 2       ;
; Display:PrintMessage|segments[5]        ; 2       ;
; Display:PrintMessage|segments[6]        ; 2       ;
; Display:PrintMessage|message[0]         ; 13      ;
; Display:PrintMessage|tempLetter[6]      ; 4       ;
; Display:PrintMessage|tempLetter[3]      ; 3       ;
; Total number of inverted registers = 14 ;         ;
+-----------------------------------------+---------+


+------------------------------------------------------------------------------------------------------------------------------------------+
; Multiplexer Restructuring Statistics (Restructuring Performed)                                                                           ;
+--------------------+-----------+---------------+----------------------+------------------------+------------+----------------------------+
; Multiplexer Inputs ; Bus Width ; Baseline Area ; Area if Restructured ; Saving if Restructured ; Registered ; Example Multiplexer Output ;
+--------------------+-----------+---------------+----------------------+------------------------+------------+----------------------------+
; 1:1                ; 4 bits    ; 0 LEs         ; 0 LEs                ; 0 LEs                  ; No         ; |bUSR|Mux8                 ;
; 4:1                ; 4 bits    ; 8 LEs         ; 8 LEs                ; 0 LEs                  ; No         ; |bUSR|Mux0                 ;
+--------------------+-----------+---------------+----------------------+------------------------+------------+----------------------------+


+---------------------------------------------------------+
; Port Connectivity Checks: "Display:PrintMessage"        ;
+-----------------------+-------+----------+--------------+
; Port                  ; Type  ; Severity ; Details      ;
+-----------------------+-------+----------+--------------+
; inputmessage[26..24]  ; Input ; Info     ; Stuck at VCC ;
; inputmessage[19..14]  ; Input ; Info     ; Stuck at VCC ;
; inputmessage[12..8]   ; Input ; Info     ; Stuck at VCC ;
; inputmessage[6..3]    ; Input ; Info     ; Stuck at VCC ;
; inputmessage[23..20]  ; Input ; Info     ; Stuck at GND ;
; inputmessage[2..1]    ; Input ; Info     ; Stuck at GND ;
; inputmessage[27]      ; Input ; Info     ; Stuck at GND ;
; inputmessage[13]      ; Input ; Info     ; Stuck at GND ;
; inputmessage[7]       ; Input ; Info     ; Stuck at GND ;
; inputmessage[0]       ; Input ; Info     ; Stuck at VCC ;
; inputmessage2[18..15] ; Input ; Info     ; Stuck at VCC ;
; inputmessage2[13..12] ; Input ; Info     ; Stuck at VCC ;
; inputmessage2[10..9]  ; Input ; Info     ; Stuck at VCC ;
; inputmessage2[7..6]   ; Input ; Info     ; Stuck at VCC ;
; inputmessage2[4..1]   ; Input ; Info     ; Stuck at VCC ;
; inputmessage2[27..21] ; Input ; Info     ; Stuck at GND ;
; inputmessage2[20]     ; Input ; Info     ; Stuck at VCC ;
; inputmessage2[19]     ; Input ; Info     ; Stuck at GND ;
; inputmessage2[14]     ; Input ; Info     ; Stuck at GND ;
; inputmessage2[11]     ; Input ; Info     ; Stuck at GND ;
; inputmessage2[8]      ; Input ; Info     ; Stuck at GND ;
; inputmessage2[5]      ; Input ; Info     ; Stuck at GND ;
; inputmessage2[0]      ; Input ; Info     ; Stuck at GND ;
+-----------------------+-------+----------+--------------+


+-----------------------------------------------------+
; Post-Synthesis Netlist Statistics for Top Partition ;
+-----------------------+-----------------------------+
; Type                  ; Count                       ;
+-----------------------+-----------------------------+
; boundary_port         ; 23                          ;
; cycloneiii_ff         ; 163                         ;
;     CLR               ; 87                          ;
;     CLR SCLR          ; 64                          ;
;     ENA               ; 4                           ;
;     ENA CLR           ; 4                           ;
;     ENA CLR SLD       ; 1                           ;
;     plain             ; 3                           ;
; cycloneiii_lcell_comb ; 340                         ;
;     arith             ; 124                         ;
;         2 data inputs ; 124                         ;
;     normal            ; 216                         ;
;         1 data inputs ; 15                          ;
;         2 data inputs ; 14                          ;
;         3 data inputs ; 46                          ;
;         4 data inputs ; 141                         ;
;                       ;                             ;
; Max LUT depth         ; 10.00                       ;
; Average LUT depth     ; 4.27                        ;
+-----------------------+-----------------------------+


+-------------------------------+
; Elapsed Time Per Partition    ;
+----------------+--------------+
; Partition Name ; Elapsed Time ;
+----------------+--------------+
; Top            ; 00:00:00     ;
+----------------+--------------+


+-------------------------------+
; Analysis & Synthesis Messages ;
+-------------------------------+
Info: *******************************************************************
Info: Running Quartus Prime Analysis & Synthesis
    Info: Version 22.1std.2 Build 922 07/20/2023 SC Lite Edition
    Info: Processing started: Thu Dec  7 16:06:39 2023
Info: Command: quartus_map --read_settings_files=on --write_settings_files=off 4bUSR -c 4bUSR
Warning (18236): Number of processors has not been specified which may cause overloading on shared machines.  Set the global assignment NUM_PARALLEL_PROCESSORS in your QSF to an appropriate value for best performance.
Info (20030): Parallel compilation is enabled and will use 2 of the 2 processors detected
Info (12021): Found 2 design units, including 1 entities, in source file bUSR.vhd
    Info (12022): Found design unit 1: bUSR-ArchbUSR File: /mnt/External/Codigos/VHDL/Projects/Practica9/bUSR.vhd Line: 13
    Info (12023): Found entity 1: bUSR File: /mnt/External/Codigos/VHDL/Projects/Practica9/bUSR.vhd Line: 3
Info (12021): Found 2 design units, including 1 entities, in source file LSL.vhdl
    Info (12022): Found design unit 1: LSL-ArchLSL File: /mnt/External/Codigos/VHDL/Projects/Practica9/LSL.vhdl Line: 10
    Info (12023): Found entity 1: LSL File: /mnt/External/Codigos/VHDL/Projects/Practica9/LSL.vhdl Line: 3
Info (12021): Found 2 design units, including 1 entities, in source file LRS.vhdl
    Info (12022): Found design unit 1: LRS-ArchLRS File: /mnt/External/Codigos/VHDL/Projects/Practica9/LRS.vhdl Line: 10
    Info (12023): Found entity 1: LRS File: /mnt/External/Codigos/VHDL/Projects/Practica9/LRS.vhdl Line: 3
Info (12021): Found 2 design units, including 1 entities, in source file Display.vhd
    Info (12022): Found design unit 1: Display-ArchShifterDisplay File: /mnt/External/Codigos/VHDL/Projects/Practica9/Display.vhd Line: 11
    Info (12023): Found entity 1: Display File: /mnt/External/Codigos/VHDL/Projects/Practica9/Display.vhd Line: 3
Info (12127): Elaborating entity "bUSR" for the top level hierarchy
Warning (10540): VHDL Signal Declaration warning at bUSR.vhd(16): used explicit default value for signal "displayMessage2" because signal was never assigned a value File: /mnt/External/Codigos/VHDL/Projects/Practica9/bUSR.vhd Line: 16
Warning (10540): VHDL Signal Declaration warning at bUSR.vhd(17): used explicit default value for signal "displayMessage3" because signal was never assigned a value File: /mnt/External/Codigos/VHDL/Projects/Practica9/bUSR.vhd Line: 17
Warning (10492): VHDL Process Statement warning at bUSR.vhd(52): signal "reg" is read inside the Process Statement but isn't in the Process Statement's sensitivity list File: /mnt/External/Codigos/VHDL/Projects/Practica9/bUSR.vhd Line: 52
Warning (10492): VHDL Process Statement warning at bUSR.vhd(55): signal "input" is read inside the Process Statement but isn't in the Process Statement's sensitivity list File: /mnt/External/Codigos/VHDL/Projects/Practica9/bUSR.vhd Line: 55
Warning (10492): VHDL Process Statement warning at bUSR.vhd(59): signal "LSLShifterResult" is read inside the Process Statement but isn't in the Process Statement's sensitivity list File: /mnt/External/Codigos/VHDL/Projects/Practica9/bUSR.vhd Line: 59
Warning (10492): VHDL Process Statement warning at bUSR.vhd(62): signal "LRSShifterResult" is read inside the Process Statement but isn't in the Process Statement's sensitivity list File: /mnt/External/Codigos/VHDL/Projects/Practica9/bUSR.vhd Line: 62
Warning (10631): VHDL Process Statement warning at bUSR.vhd(47): inferring latch(es) for signal or variable "reg", which holds its previous value in one or more paths through the process File: /mnt/External/Codigos/VHDL/Projects/Practica9/bUSR.vhd Line: 47
Info (10041): Inferred latch for "reg[0]" at bUSR.vhd(47) File: /mnt/External/Codigos/VHDL/Projects/Practica9/bUSR.vhd Line: 47
Info (10041): Inferred latch for "reg[1]" at bUSR.vhd(47) File: /mnt/External/Codigos/VHDL/Projects/Practica9/bUSR.vhd Line: 47
Info (10041): Inferred latch for "reg[2]" at bUSR.vhd(47) File: /mnt/External/Codigos/VHDL/Projects/Practica9/bUSR.vhd Line: 47
Info (10041): Inferred latch for "reg[3]" at bUSR.vhd(47) File: /mnt/External/Codigos/VHDL/Projects/Practica9/bUSR.vhd Line: 47
Info (12128): Elaborating entity "LSL" for hierarchy "LSL:LogicShiftLeft" File: /mnt/External/Codigos/VHDL/Projects/Practica9/bUSR.vhd Line: 44
Warning (10492): VHDL Process Statement warning at LSL.vhdl(19): signal "A" is read inside the Process Statement but isn't in the Process Statement's sensitivity list File: /mnt/External/Codigos/VHDL/Projects/Practica9/LSL.vhdl Line: 19
Info (12128): Elaborating entity "LRS" for hierarchy "LRS:LogicShiftRight" File: /mnt/External/Codigos/VHDL/Projects/Practica9/bUSR.vhd Line: 45
Warning (10492): VHDL Process Statement warning at LRS.vhdl(19): signal "A" is read inside the Process Statement but isn't in the Process Statement's sensitivity list File: /mnt/External/Codigos/VHDL/Projects/Practica9/LRS.vhdl Line: 19
Warning (10492): VHDL Process Statement warning at LRS.vhdl(29): signal "shifter" is read inside the Process Statement but isn't in the Process Statement's sensitivity list File: /mnt/External/Codigos/VHDL/Projects/Practica9/LRS.vhdl Line: 29
Info (12128): Elaborating entity "Display" for hierarchy "Display:PrintMessage" File: /mnt/External/Codigos/VHDL/Projects/Practica9/bUSR.vhd Line: 46
Warning (10540): VHDL Signal Declaration warning at Display.vhd(14): used explicit default value for signal "NoneMessage" because signal was never assigned a value File: /mnt/External/Codigos/VHDL/Projects/Practica9/Display.vhd Line: 14
Warning (10036): Verilog HDL or VHDL warning at Display.vhd(34): object "aux" assigned a value but never read File: /mnt/External/Codigos/VHDL/Projects/Practica9/Display.vhd Line: 34
Warning (10492): VHDL Process Statement warning at Display.vhd(37): signal "inputMessage" is read inside the Process Statement but isn't in the Process Statement's sensitivity list File: /mnt/External/Codigos/VHDL/Projects/Practica9/Display.vhd Line: 37
Info (13000): Registers with preset signals will power-up high File: /mnt/External/Codigos/VHDL/Projects/Practica9/Display.vhd Line: 36
Info (13003): DEV_CLRn pin will set, and not reset, register with preset signal due to NOT Gate Push-Back
Warning (13004): Presettable and clearable registers converted to equivalent circuits with latches. Registers power-up to an undefined state, and DEVCLRn places the registers in an undefined state.
    Warning (13310): Register "LRS:LogicShiftRight|shifter[0]" is converted into an equivalent circuit using register "LRS:LogicShiftRight|shifter[0]~_emulated" and latch "LRS:LogicShiftRight|shifter[0]~1" File: /mnt/External/Codigos/VHDL/Projects/Practica9/LRS.vhdl Line: 17
    Warning (13310): Register "LRS:LogicShiftRight|shifter[1]" is converted into an equivalent circuit using register "LRS:LogicShiftRight|shifter[1]~_emulated" and latch "LRS:LogicShiftRight|shifter[1]~5" File: /mnt/External/Codigos/VHDL/Projects/Practica9/LRS.vhdl Line: 17
    Warning (13310): Register "LRS:LogicShiftRight|shifter[2]" is converted into an equivalent circuit using register "LRS:LogicShiftRight|shifter[2]~_emulated" and latch "LRS:LogicShiftRight|shifter[2]~9" File: /mnt/External/Codigos/VHDL/Projects/Practica9/LRS.vhdl Line: 17
    Warning (13310): Register "LRS:LogicShiftRight|shifter[3]" is converted into an equivalent circuit using register "LRS:LogicShiftRight|shifter[3]~_emulated" and latch "LRS:LogicShiftRight|shifter[3]~13" File: /mnt/External/Codigos/VHDL/Projects/Practica9/LRS.vhdl Line: 17
    Warning (13310): Register "LSL:LogicShiftLeft|shifterOutput[0]" is converted into an equivalent circuit using register "LSL:LogicShiftLeft|shifterOutput[0]~_emulated" and latch "LRS:LogicShiftRight|shifter[0]~1" File: /mnt/External/Codigos/VHDL/Projects/Practica9/LSL.vhdl Line: 18
    Warning (13310): Register "LSL:LogicShiftLeft|shifterOutput[1]" is converted into an equivalent circuit using register "LSL:LogicShiftLeft|shifterOutput[1]~_emulated" and latch "LRS:LogicShiftRight|shifter[1]~5" File: /mnt/External/Codigos/VHDL/Projects/Practica9/LSL.vhdl Line: 18
    Warning (13310): Register "LSL:LogicShiftLeft|shifterOutput[2]" is converted into an equivalent circuit using register "LSL:LogicShiftLeft|shifterOutput[2]~_emulated" and latch "LRS:LogicShiftRight|shifter[2]~9" File: /mnt/External/Codigos/VHDL/Projects/Practica9/LSL.vhdl Line: 18
    Warning (13310): Register "LSL:LogicShiftLeft|shifterOutput[3]" is converted into an equivalent circuit using register "LSL:LogicShiftLeft|shifterOutput[3]~_emulated" and latch "LRS:LogicShiftRight|shifter[3]~13" File: /mnt/External/Codigos/VHDL/Projects/Practica9/LSL.vhdl Line: 18
Info (286030): Timing-Driven Synthesis is running
Info (16010): Generating hard_block partition "hard_block:auto_generated_inst"
    Info (16011): Adding 0 node(s), including 0 DDIO, 0 PLL, 0 transceiver and 0 LCELL
Info (21057): Implemented 358 device resources after synthesis - the final resource count might be different
    Info (21058): Implemented 8 input pins
    Info (21059): Implemented 15 output pins
    Info (21061): Implemented 335 logic cells
Info: Quartus Prime Analysis & Synthesis was successful. 0 errors, 23 warnings
    Info: Peak virtual memory: 413 megabytes
    Info: Processing ended: Thu Dec  7 16:06:46 2023
    Info: Elapsed time: 00:00:07
    Info: Total CPU time (on all processors): 00:00:15


