Analysis & Synthesis report for MusicBox
Mon Nov 13 15:14:54 2023
Quartus Prime Version 22.1std.2 Build 922 07/20/2023 SC Lite Edition


---------------------
; Table of Contents ;
---------------------
  1. Legal Notice
  2. Analysis & Synthesis Summary
  3. Analysis & Synthesis Settings
  4. Parallel Compilation
  5. Analysis & Synthesis Source Files Read
  6. Analysis & Synthesis Resource Usage Summary
  7. Analysis & Synthesis Resource Utilization by Entity
  8. User-Specified and Inferred Latches
  9. Registers Removed During Synthesis
 10. Removed Registers Triggering Further Register Optimizations
 11. General Register Statistics
 12. Inverted Register Statistics
 13. Multiplexer Restructuring Statistics (Restructuring Performed)
 14. Port Connectivity Checks: "Slatch:SlatchI"
 15. Post-Synthesis Netlist Statistics for Top Partition
 16. Elapsed Time Per Partition
 17. Analysis & Synthesis Messages



----------------
; Legal Notice ;
----------------
Copyright (C) 2023  Intel Corporation. All rights reserved.
Your use of Intel Corporation's design tools, logic functions 
and other software and tools, and any partner logic 
functions, and any output files from any of the foregoing 
(including device programming or simulation files), and any 
associated documentation or information are expressly subject 
to the terms and conditions of the Intel Program License 
Subscription Agreement, the Intel Quartus Prime License Agreement,
the Intel FPGA IP License Agreement, or other applicable license
agreement, including, without limitation, that your use is for
the sole purpose of programming logic devices manufactured by
Intel and sold by Intel or its authorized distributors.  Please
refer to the applicable agreement for further details, at
https://fpgasoftware.intel.com/eula.



+-------------------------------------------------------------------------------------+
; Analysis & Synthesis Summary                                                        ;
+------------------------------------+------------------------------------------------+
; Analysis & Synthesis Status        ; Successful - Mon Nov 13 15:14:54 2023          ;
; Quartus Prime Version              ; 22.1std.2 Build 922 07/20/2023 SC Lite Edition ;
; Revision Name                      ; MusicBox                                       ;
; Top-level Entity Name              ; MusicBox                                       ;
; Family                             ; Cyclone IV E                                   ;
; Total logic elements               ; 129                                            ;
;     Total combinational functions  ; 122                                            ;
;     Dedicated logic registers      ; 74                                             ;
; Total registers                    ; 74                                             ;
; Total pins                         ; 17                                             ;
; Total virtual pins                 ; 0                                              ;
; Total memory bits                  ; 0                                              ;
; Embedded Multiplier 9-bit elements ; 0                                              ;
; Total PLLs                         ; 0                                              ;
+------------------------------------+------------------------------------------------+


+------------------------------------------------------------------------------------------------------------+
; Analysis & Synthesis Settings                                                                              ;
+------------------------------------------------------------------+--------------------+--------------------+
; Option                                                           ; Setting            ; Default Value      ;
+------------------------------------------------------------------+--------------------+--------------------+
; Top-level entity name                                            ; MusicBox           ; MusicBox           ;
; Family name                                                      ; Cyclone IV E       ; Cyclone V          ;
; Use smart compilation                                            ; Off                ; Off                ;
; Enable parallel Assembler and Timing Analyzer during compilation ; On                 ; On                 ;
; Enable compact report table                                      ; Off                ; Off                ;
; Restructure Multiplexers                                         ; Auto               ; Auto               ;
; Create Debugging Nodes for IP Cores                              ; Off                ; Off                ;
; Preserve fewer node names                                        ; On                 ; On                 ;
; Intel FPGA IP Evaluation Mode                                    ; Enable             ; Enable             ;
; Verilog Version                                                  ; Verilog_2001       ; Verilog_2001       ;
; VHDL Version                                                     ; VHDL_1993          ; VHDL_1993          ;
; State Machine Processing                                         ; Auto               ; Auto               ;
; Safe State Machine                                               ; Off                ; Off                ;
; Extract Verilog State Machines                                   ; On                 ; On                 ;
; Extract VHDL State Machines                                      ; On                 ; On                 ;
; Ignore Verilog initial constructs                                ; Off                ; Off                ;
; Iteration limit for constant Verilog loops                       ; 5000               ; 5000               ;
; Iteration limit for non-constant Verilog loops                   ; 250                ; 250                ;
; Add Pass-Through Logic to Inferred RAMs                          ; On                 ; On                 ;
; Infer RAMs from Raw Logic                                        ; On                 ; On                 ;
; Parallel Synthesis                                               ; On                 ; On                 ;
; DSP Block Balancing                                              ; Auto               ; Auto               ;
; NOT Gate Push-Back                                               ; On                 ; On                 ;
; Power-Up Don't Care                                              ; On                 ; On                 ;
; Remove Redundant Logic Cells                                     ; Off                ; Off                ;
; Remove Duplicate Registers                                       ; On                 ; On                 ;
; Ignore CARRY Buffers                                             ; Off                ; Off                ;
; Ignore CASCADE Buffers                                           ; Off                ; Off                ;
; Ignore GLOBAL Buffers                                            ; Off                ; Off                ;
; Ignore ROW GLOBAL Buffers                                        ; Off                ; Off                ;
; Ignore LCELL Buffers                                             ; Off                ; Off                ;
; Ignore SOFT Buffers                                              ; On                 ; On                 ;
; Limit AHDL Integers to 32 Bits                                   ; Off                ; Off                ;
; Optimization Technique                                           ; Balanced           ; Balanced           ;
; Carry Chain Length                                               ; 70                 ; 70                 ;
; Auto Carry Chains                                                ; On                 ; On                 ;
; Auto Open-Drain Pins                                             ; On                 ; On                 ;
; Perform WYSIWYG Primitive Resynthesis                            ; Off                ; Off                ;
; Auto ROM Replacement                                             ; On                 ; On                 ;
; Auto RAM Replacement                                             ; On                 ; On                 ;
; Auto DSP Block Replacement                                       ; On                 ; On                 ;
; Auto Shift Register Replacement                                  ; Auto               ; Auto               ;
; Allow Shift Register Merging across Hierarchies                  ; Auto               ; Auto               ;
; Auto Clock Enable Replacement                                    ; On                 ; On                 ;
; Strict RAM Replacement                                           ; Off                ; Off                ;
; Allow Synchronous Control Signals                                ; On                 ; On                 ;
; Force Use of Synchronous Clear Signals                           ; Off                ; Off                ;
; Auto RAM Block Balancing                                         ; On                 ; On                 ;
; Auto RAM to Logic Cell Conversion                                ; Off                ; Off                ;
; Auto Resource Sharing                                            ; Off                ; Off                ;
; Allow Any RAM Size For Recognition                               ; Off                ; Off                ;
; Allow Any ROM Size For Recognition                               ; Off                ; Off                ;
; Allow Any Shift Register Size For Recognition                    ; Off                ; Off                ;
; Use LogicLock Constraints during Resource Balancing              ; On                 ; On                 ;
; Ignore translate_off and synthesis_off directives                ; Off                ; Off                ;
; Timing-Driven Synthesis                                          ; On                 ; On                 ;
; Report Parameter Settings                                        ; On                 ; On                 ;
; Report Source Assignments                                        ; On                 ; On                 ;
; Report Connectivity Checks                                       ; On                 ; On                 ;
; Ignore Maximum Fan-Out Assignments                               ; Off                ; Off                ;
; Synchronization Register Chain Length                            ; 2                  ; 2                  ;
; Power Optimization During Synthesis                              ; Normal compilation ; Normal compilation ;
; HDL message level                                                ; Level2             ; Level2             ;
; Suppress Register Optimization Related Messages                  ; Off                ; Off                ;
; Number of Removed Registers Reported in Synthesis Report         ; 5000               ; 5000               ;
; Number of Swept Nodes Reported in Synthesis Report               ; 5000               ; 5000               ;
; Number of Inverted Registers Reported in Synthesis Report        ; 100                ; 100                ;
; Clock MUX Protection                                             ; On                 ; On                 ;
; Auto Gated Clock Conversion                                      ; Off                ; Off                ;
; Block Design Naming                                              ; Auto               ; Auto               ;
; SDC constraint protection                                        ; Off                ; Off                ;
; Synthesis Effort                                                 ; Auto               ; Auto               ;
; Shift Register Replacement - Allow Asynchronous Clear Signal     ; On                 ; On                 ;
; Pre-Mapping Resynthesis Optimization                             ; Off                ; Off                ;
; Analysis & Synthesis Message Level                               ; Medium             ; Medium             ;
; Disable Register Merging Across Hierarchies                      ; Auto               ; Auto               ;
; Resource Aware Inference For Block RAM                           ; On                 ; On                 ;
+------------------------------------------------------------------+--------------------+--------------------+


+------------------------------------------+
; Parallel Compilation                     ;
+----------------------------+-------------+
; Processors                 ; Number      ;
+----------------------------+-------------+
; Number detected on machine ; 4           ;
; Maximum allowed            ; 2           ;
;                            ;             ;
; Average used               ; 1.00        ;
; Maximum used               ; 2           ;
;                            ;             ;
; Usage by Processor         ; % Time Used ;
;     Processor 1            ; 100.0%      ;
;     Processor 2            ;   0.0%      ;
+----------------------------+-------------+


+--------------------------------------------------------------------------------------------------------------------------------------------------+
; Analysis & Synthesis Source Files Read                                                                                                           ;
+----------------------------------+-----------------+-----------------+-----------------------------------------------------------------+---------+
; File Name with User-Entered Path ; Used in Netlist ; File Type       ; File Name with Absolute Path                                    ; Library ;
+----------------------------------+-----------------+-----------------+-----------------------------------------------------------------+---------+
; MusicBox.vhd                     ; yes             ; User VHDL File  ; /mnt/External/Codigos/VHDL/VHDL/Projects/Practica2/MusicBox.vhd ;         ;
; Slatch.vhdl                      ; yes             ; User VHDL File  ; /mnt/External/Codigos/VHDL/VHDL/Projects/Practica2/Slatch.vhdl  ;         ;
+----------------------------------+-----------------+-----------------+-----------------------------------------------------------------+---------+


+---------------------------------------------------------+
; Analysis & Synthesis Resource Usage Summary             ;
+---------------------------------------------+-----------+
; Resource                                    ; Usage     ;
+---------------------------------------------+-----------+
; Estimated Total logic elements              ; 129       ;
;                                             ;           ;
; Total combinational functions               ; 122       ;
; Logic element usage by number of LUT inputs ;           ;
;     -- 4 input functions                    ; 25        ;
;     -- 3 input functions                    ; 22        ;
;     -- <=2 input functions                  ; 75        ;
;                                             ;           ;
; Logic elements by mode                      ;           ;
;     -- normal mode                          ; 64        ;
;     -- arithmetic mode                      ; 58        ;
;                                             ;           ;
; Total registers                             ; 74        ;
;     -- Dedicated logic registers            ; 74        ;
;     -- I/O registers                        ; 0         ;
;                                             ;           ;
; I/O pins                                    ; 17        ;
;                                             ;           ;
; Embedded Multiplier 9-bit elements          ; 0         ;
;                                             ;           ;
; Maximum fan-out node                        ; rst~input ;
; Maximum fan-out                             ; 74        ;
; Total fan-out                               ; 561       ;
; Average fan-out                             ; 2.44      ;
+---------------------------------------------+-----------+


+---------------------------------------------------------------------------------------------------------------------------------------------------------------------------------------------------------------+
; Analysis & Synthesis Resource Utilization by Entity                                                                                                                                                           ;
+----------------------------+---------------------+---------------------------+-------------+--------------+---------+-----------+------+--------------+--------------------------+-------------+--------------+
; Compilation Hierarchy Node ; Combinational ALUTs ; Dedicated Logic Registers ; Memory Bits ; DSP Elements ; DSP 9x9 ; DSP 18x18 ; Pins ; Virtual Pins ; Full Hierarchy Name      ; Entity Name ; Library Name ;
+----------------------------+---------------------+---------------------------+-------------+--------------+---------+-----------+------+--------------+--------------------------+-------------+--------------+
; |MusicBox                  ; 122 (121)           ; 74 (74)                   ; 0           ; 0            ; 0       ; 0         ; 17   ; 0            ; |MusicBox                ; MusicBox    ; work         ;
;    |Slatch:SlatchI|        ; 1 (1)               ; 0 (0)                     ; 0           ; 0            ; 0       ; 0         ; 0    ; 0            ; |MusicBox|Slatch:SlatchI ; Slatch      ; work         ;
+----------------------------+---------------------+---------------------------+-------------+--------------+---------+-----------+------+--------------+--------------------------+-------------+--------------+
Note: For table entries with two numbers listed, the numbers in parentheses indicate the number of resources of the given type used by the specific entity alone. The numbers listed outside of parentheses indicate the total resources of the given type used by the specific entity and all of its sub-entities in the hierarchy.


+---------------------------------------------------------------------------------------------------+
; User-Specified and Inferred Latches                                                               ;
+----------------------------------------------------+---------------------+------------------------+
; Latch Name                                         ; Latch Enable Signal ; Free of Timing Hazards ;
+----------------------------------------------------+---------------------+------------------------+
; buzzer_out$latch                                   ; Slatch:SlatchI|Q    ; yes                    ;
; buzzer_out2$latch                                  ; Slatch:SlatchI|Q    ; yes                    ;
; Slatch:SlatchI|Q                                   ; GND                 ; yes                    ;
; Number of user-specified and inferred latches = 3  ;                     ;                        ;
+----------------------------------------------------+---------------------+------------------------+
Note: All latches listed above may not be present at the end of synthesis due to various synthesis optimizations.


+---------------------------------------------------------------------------------+
; Registers Removed During Synthesis                                              ;
+----------------------------------------+----------------------------------------+
; Register name                          ; Reason for Removal                     ;
+----------------------------------------+----------------------------------------+
; te[3..31]                              ; Stuck at GND due to stuck port data_in ;
; digits[3]~reg0                         ; Stuck at VCC due to stuck port data_in ;
; digit[2..31]                           ; Stuck at GND due to stuck port data_in ;
; selector[0,1]                          ; Merged with selector[2]                ;
; te[1,2]                                ; Stuck at GND due to stuck port data_in ;
; display[5]~reg0                        ; Stuck at VCC due to stuck port data_in ;
; display[0]~reg0                        ; Stuck at VCC due to stuck port data_in ;
; digits[0]~reg0                         ; Stuck at VCC due to stuck port data_in ;
; Total Number of Removed Registers = 67 ;                                        ;
+----------------------------------------+----------------------------------------+


+----------------------------------------------------------------------------------------------+
; Removed Registers Triggering Further Register Optimizations                                  ;
+---------------+---------------------------+--------------------------------------------------+
; Register name ; Reason for Removal        ; Registers Removed due to This Register           ;
+---------------+---------------------------+--------------------------------------------------+
; te[31]        ; Stuck at GND              ; display[5]~reg0, display[0]~reg0, digits[0]~reg0 ;
;               ; due to stuck port data_in ;                                                  ;
+---------------+---------------------------+--------------------------------------------------+


+------------------------------------------------------+
; General Register Statistics                          ;
+----------------------------------------------+-------+
; Statistic                                    ; Value ;
+----------------------------------------------+-------+
; Total registers                              ; 74    ;
; Number of registers using Synchronous Clear  ; 0     ;
; Number of registers using Synchronous Load   ; 0     ;
; Number of registers using Asynchronous Clear ; 61    ;
; Number of registers using Asynchronous Load  ; 0     ;
; Number of registers using Clock Enable       ; 13    ;
; Number of registers using Preset             ; 0     ;
+----------------------------------------------+-------+


+--------------------------------------------------+
; Inverted Register Statistics                     ;
+----------------------------------------+---------+
; Inverted Register                      ; Fan out ;
+----------------------------------------+---------+
; display[1]~reg0                        ; 1       ;
; display[2]~reg0                        ; 1       ;
; display[3]~reg0                        ; 1       ;
; display[4]~reg0                        ; 1       ;
; display[6]~reg0                        ; 1       ;
; digits[1]~reg0                         ; 1       ;
; digits[2]~reg0                         ; 1       ;
; selector[2]                            ; 14      ;
; Total number of inverted registers = 8 ;         ;
+----------------------------------------+---------+


+------------------------------------------------------------------------------------------------------------------------------------------+
; Multiplexer Restructuring Statistics (Restructuring Performed)                                                                           ;
+--------------------+-----------+---------------+----------------------+------------------------+------------+----------------------------+
; Multiplexer Inputs ; Bus Width ; Baseline Area ; Area if Restructured ; Saving if Restructured ; Registered ; Example Multiplexer Output ;
+--------------------+-----------+---------------+----------------------+------------------------+------------+----------------------------+
; 3:1                ; 16 bits   ; 32 LEs        ; 16 LEs               ; 16 LEs                 ; Yes        ; |MusicBox|counter[0]       ;
+--------------------+-----------+---------------+----------------------+------------------------+------------+----------------------------+


+----------------------------------------------------------------------------------------------------------------+
; Port Connectivity Checks: "Slatch:SlatchI"                                                                     ;
+------+--------+----------+-------------------------------------------------------------------------------------+
; Port ; Type   ; Severity ; Details                                                                             ;
+------+--------+----------+-------------------------------------------------------------------------------------+
; nq   ; Output ; Info     ; Connected to dangling logic. Logic that only feeds a dangling port will be removed. ;
+------+--------+----------+-------------------------------------------------------------------------------------+


+-----------------------------------------------------+
; Post-Synthesis Netlist Statistics for Top Partition ;
+-----------------------+-----------------------------+
; Type                  ; Count                       ;
+-----------------------+-----------------------------+
; boundary_port         ; 17                          ;
; cycloneiii_ff         ; 74                          ;
;     CLR               ; 61                          ;
;     ENA               ; 13                          ;
; cycloneiii_lcell_comb ; 130                         ;
;     arith             ; 58                          ;
;         2 data inputs ; 58                          ;
;     normal            ; 72                          ;
;         0 data inputs ; 1                           ;
;         1 data inputs ; 10                          ;
;         2 data inputs ; 14                          ;
;         3 data inputs ; 22                          ;
;         4 data inputs ; 25                          ;
;                       ;                             ;
; Max LUT depth         ; 5.00                        ;
; Average LUT depth     ; 3.09                        ;
+-----------------------+-----------------------------+


+-------------------------------+
; Elapsed Time Per Partition    ;
+----------------+--------------+
; Partition Name ; Elapsed Time ;
+----------------+--------------+
; Top            ; 00:00:00     ;
+----------------+--------------+


+-------------------------------+
; Analysis & Synthesis Messages ;
+-------------------------------+
Info: *******************************************************************
Info: Running Quartus Prime Analysis & Synthesis
    Info: Version 22.1std.2 Build 922 07/20/2023 SC Lite Edition
    Info: Processing started: Mon Nov 13 15:14:48 2023
Info: Command: quartus_map --read_settings_files=on --write_settings_files=off MusicBox -c MusicBox
Warning (18236): Number of processors has not been specified which may cause overloading on shared machines.  Set the global assignment NUM_PARALLEL_PROCESSORS in your QSF to an appropriate value for best performance.
Info (20030): Parallel compilation is enabled and will use 2 of the 2 processors detected
Info (12021): Found 2 design units, including 1 entities, in source file MusicBox.vhd
    Info (12022): Found design unit 1: MusicBox-Behavioral File: /mnt/External/Codigos/VHDL/VHDL/Projects/Practica2/MusicBox.vhd Line: 18
    Info (12023): Found entity 1: MusicBox File: /mnt/External/Codigos/VHDL/VHDL/Projects/Practica2/MusicBox.vhd Line: 6
Info (12021): Found 2 design units, including 1 entities, in source file Slatch.vhdl
    Info (12022): Found design unit 1: Slatch-ArchSlatch File: /mnt/External/Codigos/VHDL/VHDL/Projects/Practica2/Slatch.vhdl Line: 9
    Info (12023): Found entity 1: Slatch File: /mnt/External/Codigos/VHDL/VHDL/Projects/Practica2/Slatch.vhdl Line: 3
Info (12127): Elaborating entity "MusicBox" for the top level hierarchy
Warning (10540): VHDL Signal Declaration warning at MusicBox.vhd(20): used explicit default value for signal "DoF" because signal was never assigned a value File: /mnt/External/Codigos/VHDL/VHDL/Projects/Practica2/MusicBox.vhd Line: 20
Warning (10540): VHDL Signal Declaration warning at MusicBox.vhd(21): used explicit default value for signal "ReF" because signal was never assigned a value File: /mnt/External/Codigos/VHDL/VHDL/Projects/Practica2/MusicBox.vhd Line: 21
Warning (10540): VHDL Signal Declaration warning at MusicBox.vhd(23): used explicit default value for signal "MiF" because signal was never assigned a value File: /mnt/External/Codigos/VHDL/VHDL/Projects/Practica2/MusicBox.vhd Line: 23
Warning (10540): VHDL Signal Declaration warning at MusicBox.vhd(24): used explicit default value for signal "FaF" because signal was never assigned a value File: /mnt/External/Codigos/VHDL/VHDL/Projects/Practica2/MusicBox.vhd Line: 24
Warning (10540): VHDL Signal Declaration warning at MusicBox.vhd(25): used explicit default value for signal "SolF" because signal was never assigned a value File: /mnt/External/Codigos/VHDL/VHDL/Projects/Practica2/MusicBox.vhd Line: 25
Warning (10540): VHDL Signal Declaration warning at MusicBox.vhd(26): used explicit default value for signal "LaF" because signal was never assigned a value File: /mnt/External/Codigos/VHDL/VHDL/Projects/Practica2/MusicBox.vhd Line: 26
Warning (10540): VHDL Signal Declaration warning at MusicBox.vhd(27): used explicit default value for signal "SiF" because signal was never assigned a value File: /mnt/External/Codigos/VHDL/VHDL/Projects/Practica2/MusicBox.vhd Line: 27
Warning (10036): Verilog HDL or VHDL warning at MusicBox.vhd(36): object "NQ" assigned a value but never read File: /mnt/External/Codigos/VHDL/VHDL/Projects/Practica2/MusicBox.vhd Line: 36
Warning (10492): VHDL Process Statement warning at MusicBox.vhd(104): signal "Q" is read inside the Process Statement but isn't in the Process Statement's sensitivity list File: /mnt/External/Codigos/VHDL/VHDL/Projects/Practica2/MusicBox.vhd Line: 104
Warning (10492): VHDL Process Statement warning at MusicBox.vhd(105): signal "buzzer" is read inside the Process Statement but isn't in the Process Statement's sensitivity list File: /mnt/External/Codigos/VHDL/VHDL/Projects/Practica2/MusicBox.vhd Line: 105
Warning (10492): VHDL Process Statement warning at MusicBox.vhd(107): signal "buzzer" is read inside the Process Statement but isn't in the Process Statement's sensitivity list File: /mnt/External/Codigos/VHDL/VHDL/Projects/Practica2/MusicBox.vhd Line: 107
Warning (10631): VHDL Process Statement warning at MusicBox.vhd(50): inferring latch(es) for signal or variable "buzzer_out", which holds its previous value in one or more paths through the process File: /mnt/External/Codigos/VHDL/VHDL/Projects/Practica2/MusicBox.vhd Line: 50
Warning (10631): VHDL Process Statement warning at MusicBox.vhd(50): inferring latch(es) for signal or variable "buzzer_out2", which holds its previous value in one or more paths through the process File: /mnt/External/Codigos/VHDL/VHDL/Projects/Practica2/MusicBox.vhd Line: 50
Info (10041): Inferred latch for "buzzer_out2" at MusicBox.vhd(50) File: /mnt/External/Codigos/VHDL/VHDL/Projects/Practica2/MusicBox.vhd Line: 50
Info (10041): Inferred latch for "buzzer_out" at MusicBox.vhd(50) File: /mnt/External/Codigos/VHDL/VHDL/Projects/Practica2/MusicBox.vhd Line: 50
Info (12128): Elaborating entity "Slatch" for hierarchy "Slatch:SlatchI" File: /mnt/External/Codigos/VHDL/VHDL/Projects/Practica2/MusicBox.vhd Line: 44
Warning (10631): VHDL Process Statement warning at Slatch.vhdl(11): inferring latch(es) for signal or variable "Q", which holds its previous value in one or more paths through the process File: /mnt/External/Codigos/VHDL/VHDL/Projects/Practica2/Slatch.vhdl Line: 11
Warning (10631): VHDL Process Statement warning at Slatch.vhdl(11): inferring latch(es) for signal or variable "NQ", which holds its previous value in one or more paths through the process File: /mnt/External/Codigos/VHDL/VHDL/Projects/Practica2/Slatch.vhdl Line: 11
Info (10041): Inferred latch for "NQ" at Slatch.vhdl(11) File: /mnt/External/Codigos/VHDL/VHDL/Projects/Practica2/Slatch.vhdl Line: 11
Info (10041): Inferred latch for "Q" at Slatch.vhdl(11) File: /mnt/External/Codigos/VHDL/VHDL/Projects/Practica2/Slatch.vhdl Line: 11
Info (13000): Registers with preset signals will power-up high File: /mnt/External/Codigos/VHDL/VHDL/Projects/Practica2/MusicBox.vhd Line: 147
Info (13003): DEV_CLRn pin will set, and not reset, register with preset signal due to NOT Gate Push-Back
Warning (13024): Output pins are stuck at VCC or GND
    Warning (13410): Pin "display[0]" is stuck at VCC File: /mnt/External/Codigos/VHDL/VHDL/Projects/Practica2/MusicBox.vhd Line: 147
    Warning (13410): Pin "display[5]" is stuck at VCC File: /mnt/External/Codigos/VHDL/VHDL/Projects/Practica2/MusicBox.vhd Line: 147
    Warning (13410): Pin "digits[0]" is stuck at VCC File: /mnt/External/Codigos/VHDL/VHDL/Projects/Practica2/MusicBox.vhd Line: 147
    Warning (13410): Pin "digits[3]" is stuck at VCC File: /mnt/External/Codigos/VHDL/VHDL/Projects/Practica2/MusicBox.vhd Line: 147
Info (286030): Timing-Driven Synthesis is running
Critical Warning (18061): Ignored Power-Up Level option on the following registers
    Critical Warning (18010): Register selector[2] will power up to High File: /mnt/External/Codigos/VHDL/VHDL/Projects/Practica2/MusicBox.vhd Line: 114
Info (16010): Generating hard_block partition "hard_block:auto_generated_inst"
    Info (16011): Adding 0 node(s), including 0 DDIO, 0 PLL, 0 transceiver and 0 LCELL
Info (21057): Implemented 149 device resources after synthesis - the final resource count might be different
    Info (21058): Implemented 4 input pins
    Info (21059): Implemented 13 output pins
    Info (21061): Implemented 132 logic cells
Info: Quartus Prime Analysis & Synthesis was successful. 0 errors, 23 warnings
    Info: Peak virtual memory: 413 megabytes
    Info: Processing ended: Mon Nov 13 15:14:54 2023
    Info: Elapsed time: 00:00:06
    Info: Total CPU time (on all processors): 00:00:15


