Flow report for MusicBox
Thu Nov  9 16:25:29 2023
Quartus Prime Version 22.1std.2 Build 922 07/20/2023 SC Lite Edition


---------------------
; Table of Contents ;
---------------------
  1. Legal Notice
  2. Flow Summary
  3. Flow Settings
  4. Flow Non-Default Global Settings
  5. Flow Elapsed Time
  6. Flow OS Summary
  7. Flow Log
  8. Flow Messages
  9. Flow Suppressed Messages



----------------
; Legal Notice ;
----------------
Copyright (C) 2023  Intel Corporation. All rights reserved.
Your use of Intel Corporation's design tools, logic functions 
and other software and tools, and any partner logic 
functions, and any output files from any of the foregoing 
(including device programming or simulation files), and any 
associated documentation or information are expressly subject 
to the terms and conditions of the Intel Program License 
Subscription Agreement, the Intel Quartus Prime License Agreement,
the Intel FPGA IP License Agreement, or other applicable license
agreement, including, without limitation, that your use is for
the sole purpose of programming logic devices manufactured by
Intel and sold by Intel or its authorized distributors.  Please
refer to the applicable agreement for further details, at
https://fpgasoftware.intel.com/eula.



+-------------------------------------------------------------------------------------+
; Flow Summary                                                                        ;
+------------------------------------+------------------------------------------------+
; Flow Status                        ; Successful - Thu Nov  9 16:25:28 2023          ;
; Quartus Prime Version              ; 22.1std.2 Build 922 07/20/2023 SC Lite Edition ;
; Revision Name                      ; MusicBox                                       ;
; Top-level Entity Name              ; MusicBox                                       ;
; Family                             ; Cyclone IV E                                   ;
; Total logic elements               ; 124 / 6,272 ( 2 % )                            ;
;     Total combinational functions  ; 115 / 6,272 ( 2 % )                            ;
;     Dedicated logic registers      ; 74 / 6,272 ( 1 % )                             ;
; Total registers                    ; 74                                             ;
; Total pins                         ; 17 / 92 ( 18 % )                               ;
; Total virtual pins                 ; 0                                              ;
; Total memory bits                  ; 0 / 276,480 ( 0 % )                            ;
; Embedded Multiplier 9-bit elements ; 0 / 30 ( 0 % )                                 ;
; Total PLLs                         ; 0 / 2 ( 0 % )                                  ;
; Device                             ; EP4CE6E22C6                                    ;
; Timing Models                      ; Final                                          ;
+------------------------------------+------------------------------------------------+


+-----------------------------------------+
; Flow Settings                           ;
+-------------------+---------------------+
; Option            ; Setting             ;
+-------------------+---------------------+
; Start date & time ; 11/09/2023 16:25:16 ;
; Main task         ; Compilation         ;
; Revision Name     ; MusicBox            ;
+-------------------+---------------------+


+-------------------------------------------------------------------------------------------------------------------------+
; Flow Non-Default Global Settings                                                                                        ;
+-------------------------------------+----------------------------------------+---------------+-------------+------------+
; Assignment Name                     ; Value                                  ; Default Value ; Entity Name ; Section Id ;
+-------------------------------------+----------------------------------------+---------------+-------------+------------+
; COMPILER_SIGNATURE_ID               ; 48633794518209.169956871647890         ; --            ; --          ; --         ;
; EDA_SIMULATION_TOOL                 ; Questa Intel FPGA (Verilog)            ; <None>        ; --          ; --         ;
; PARTITION_COLOR                     ; -- (Not supported for targeted family) ; --            ; --          ; Top        ;
; PARTITION_FITTER_PRESERVATION_LEVEL ; -- (Not supported for targeted family) ; --            ; --          ; Top        ;
; PARTITION_NETLIST_TYPE              ; -- (Not supported for targeted family) ; --            ; --          ; Top        ;
; PROJECT_OUTPUT_DIRECTORY            ; output_files                           ; --            ; --          ; --         ;
+-------------------------------------+----------------------------------------+---------------+-------------+------------+


+--------------------------------------------------------------------------------------------------------------------------+
; Flow Elapsed Time                                                                                                        ;
+----------------------+--------------+-------------------------+---------------------+------------------------------------+
; Module Name          ; Elapsed Time ; Average Processors Used ; Peak Virtual Memory ; Total CPU Time (on all processors) ;
+----------------------+--------------+-------------------------+---------------------+------------------------------------+
; Analysis & Synthesis ; 00:00:07     ; 1.0                     ; 410 MB              ; 00:00:15                           ;
; Fitter               ; 00:00:03     ; 1.0                     ; 681 MB              ; 00:00:03                           ;
; Assembler            ; 00:00:01     ; 1.0                     ; 345 MB              ; 00:00:00                           ;
; Timing Analyzer      ; 00:00:01     ; 1.0                     ; 442 MB              ; 00:00:01                           ;
; Total                ; 00:00:12     ; --                      ; --                  ; 00:00:19                           ;
+----------------------+--------------+-------------------------+---------------------+------------------------------------+


+--------------------------------------------------------------------------------------------+
; Flow OS Summary                                                                            ;
+----------------------+------------------+----------------+----------------+----------------+
; Module Name          ; Machine Hostname ; OS Name        ; OS Version     ; Processor type ;
+----------------------+------------------+----------------+----------------+----------------+
; Analysis & Synthesis ; miku             ; Kali GNU/Linux ; Kali GNU/Linux ; x86_64         ;
; Fitter               ; miku             ; Kali GNU/Linux ; Kali GNU/Linux ; x86_64         ;
; Assembler            ; miku             ; Kali GNU/Linux ; Kali GNU/Linux ; x86_64         ;
; Timing Analyzer      ; miku             ; Kali GNU/Linux ; Kali GNU/Linux ; x86_64         ;
+----------------------+------------------+----------------+----------------+----------------+


------------
; Flow Log ;
------------
quartus_map --read_settings_files=on --write_settings_files=off MusicBox -c MusicBox
quartus_fit --read_settings_files=off --write_settings_files=off MusicBox -c MusicBox
quartus_asm --read_settings_files=off --write_settings_files=off MusicBox -c MusicBox
quartus_sta MusicBox -c MusicBox



